Arguments: 
  C:\Program Files\nodejs\node.exe C:\Users\Jun\AppData\Roaming\npm\node_modules\yarn\bin\yarn.js add jsonwebtokken

PATH: 
  C:\Program Files (x86)\Intel\Intel(R) Management Engine Components\iCLS\;C:\Program Files\Intel\Intel(R) Management Engine Components\iCLS\;C:\WINDOWS\system32;C:\WINDOWS;C:\WINDOWS\System32\Wbem;C:\WINDOWS\System32\WindowsPowerShell\v1.0\;C:\Program Files (x86)\Intel\Intel(R) Management Engine Components\DAL;C:\Program Files\Intel\Intel(R) Management Engine Components\DAL;C:\Program Files (x86)\Intel\Intel(R) Management Engine Components\IPT;C:\Program Files\Intel\Intel(R) Management Engine Components\IPT;C:\WINDOWS\System32\OpenSSH\;C:\Program Files\Git\cmd;C:\Program Files\nodejs\;C:\Users\Jun\AppData\Local\Microsoft\WindowsApps;C:\Program Files\heroku\bin;C:\Users\Jun\AppData\Roaming\npm;C:\Program Files\MongoDB\Server\3.4\bin;

Yarn version: 
  1.13.0

Node version: 
  12.18.1

Platform: 
  win32 x64

Trace: 
  Error: https://registry.yarnpkg.com/jsonwebtokken: Not found
      at Request.params.callback [as _callback] (C:\Users\Jun\AppData\Roaming\npm\node_modules\yarn\lib\cli.js:66255:18)
      at Request.self.callback (C:\Users\Jun\AppData\Roaming\npm\node_modules\yarn\lib\cli.js:129397:22)
      at Request.emit (events.js:315:20)
      at Request.<anonymous> (C:\Users\Jun\AppData\Roaming\npm\node_modules\yarn\lib\cli.js:130369:10)
      at Request.emit (events.js:315:20)
      at IncomingMessage.<anonymous> (C:\Users\Jun\AppData\Roaming\npm\node_modules\yarn\lib\cli.js:130291:12)
      at Object.onceWrapper (events.js:421:28)
      at IncomingMessage.emit (events.js:327:22)
      at endReadableNT (_stream_readable.js:1221:12)
      at processTicksAndRejections (internal/process/task_queues.js:84:21)

npm manifest: 
  {
  	"name": "expresstut",
  	"version": "1.0.0",
  	"description": "",
  	"main": "server.js",
  	"scripts": {
  		"client-install": "npm install --prefix client",
  		"start": "node server.js",
  		"server": "nodemon server.js",
  		"client": "npm start --prefix client",
  		"dev": "concurrently \"npm run server\" \"npm run client\"",
  		"heroku-postbuild": "NPM_CONFIG_PRODUCTION=false npm install --prefix client && npm run build --prefix client"
  	},
  	"author": "",
  	"license": "ISC",
  	"dependencies": {
  		"concurrently": "^5.3.0",
  		"cors": "^2.8.5",
  		"dotenv": "^8.2.0",
  		"express": "^4.17.1",
  		"mongoose": "^5.9.13"
  	}
  }

yarn manifest: 
  No manifest

Lockfile: 
  No lockfile
